2024-11-02 14:34:11,099 INFO Line: 133 False detection proximities: [np.float64(-0.0021789020237507678), np.float64(0.001776420499568142), np.float64(-0.001810438041007578), np.float64(-0.0050931149809270776), np.float64(0.006648412856247507), np.float64(0.0028328215889695638), np.float64(-0.0015623644531668447), np.float64(0.0027943073238294604), np.float64(-0.00020912490993402202), np.float64(-0.0030729329187313384), np.float64(0.0006256214693127972), np.float64(0.0007061450594323395), np.float64(0.00017898690843722734), np.float64(-0.0004229308497744551), np.float64(-0.004215926712932483), np.float64(-0.0027692387927733234), np.float64(-0.0050322786929899235), np.float64(0.002666103339974333), np.float64(0.0072570258532650735), np.float64(-0.005739820798124163), np.float64(-0.0013030877498908236), np.float64(0.004150941054441938), np.float64(-0.002351269718503295), np.float64(0.009306098958589777), np.float64(0.0004992507507249741), np.float64(-0.0012798919209207687), np.float64(-0.00024954449640314204), np.float64(0.0035286505364438953), np.float64(0.001936368661563754), np.float64(-0.003075031527456739), np.float64(-0.001644109728191362), np.float64(0.0026041192655316078), np.float64(-0.0023838661153230264), np.float64(0.0011287557392087517), np.float64(0.004787288022135587), np.float64(-0.003968111924622212), np.float64(4.761543741733007e-05), np.float64(-0.0020135702649599443), np.float64(-0.00014092800714912313), np.float64(-0.0031790348591605095), np.float64(0.0004778721740089156), np.float64(0.002611579381954409), np.float64(-0.0038984040909918827), np.float64(0.0025276464952519633), np.float64(-0.0036906417875762526), np.float64(0.0043653804474433795), np.float64(0.002119215214310323), np.float64(0.0038034448268023267), np.float64(-0.00039908877828049867), np.float64(-0.0030715706581679256), np.float64(-0.004182517919584786), np.float64(0.0004223398073000845), np.float64(0.007382358793778582), np.float64(0.00587788015434501), np.float64(0.002234667953775885), np.float64(-0.003355589019664846), np.float64(0.00026975252322610166), np.float64(0.004148699331432114), np.float64(-0.007756883144544411), np.float64(-0.0024275551181719593), np.float64(0.0005439011258411148), np.float64(0.0038514083131258084), np.float64(0.0060483021234881565), np.float64(0.0051001757460839995), np.float64(0.0002150808592103386), np.float64(0.0022765203193072328), np.float64(-0.0034532523920937012), np.float64(0.002462582173324201), np.float64(0.0009780593177358152), np.float64(0.003723178378461614), np.float64(0.0031792378891606883), np.float64(0.004141452646193006), np.float64(-0.0020758815068003434), np.float64(0.0036661056488407253), np.float64(0.0003396832411860074), np.float64(0.006927616369369387), np.float64(0.001450621294626938), np.float64(-0.0035628222970049647), np.float64(0.0030714381491317587), np.float64(0.004147879222227484), np.float64(-0.005694500729517307), np.float64(0.0006707327154919418), np.float64(0.0025270089095047713), np.float64(0.003137380809139856), np.float64(0.00659679183403714), np.float64(-0.0013914275094525344), np.float64(0.001884351133283914), np.float64(0.005115768373166742), np.float64(-0.002628350886650877), np.float64(0.0047154528827276785), np.float64(0.001989223407626695), np.float64(0.007793277840391528), np.float64(0.007884670967000101), np.float64(-0.0018637667122457745), np.float64(-0.0081324007172332), np.float64(-8.021941487420866e-05), np.float64(0.003949566037247174), np.float64(0.0007846718362724264), np.float64(0.0043575894144400685), np.float64(0.004124584495573044)]
2024-11-02 14:34:12,883 INFO Line: 245 Loading image and converting to array
2024-11-02 14:34:12,965 INFO Line: 249 Transforming image to frequency domain
2024-11-02 14:34:13,014 INFO Line: 256 Embedding CVZ into image
2024-11-02 14:34:13,134 INFO Line: 265 Evaluating embedded CVZ
2024-11-02 14:34:13,179 INFO Line: 24 Applied threshold to 0.6699452032646438, result: 1
2024-11-02 14:34:13,179 INFO Line: 281 Threshold p-value for included CVZ: 0.6699452032646438, inclusion estimation: 1
2024-11-02 14:34:13,179 INFO Line: 286 Starting CUT analysis
2024-11-02 14:34:13,210 INFO Line: 180 Proximity after applying cut with 0.55 proportion: 0.6030116058659704
2024-11-02 14:34:13,239 INFO Line: 180 Proximity after applying cut with 0.7000000000000001 proportion: 0.5436603170852168
2024-11-02 14:34:13,270 INFO Line: 180 Proximity after applying cut with 0.8500000000000001 proportion: 0.43443616686183145
2024-11-02 14:34:13,301 INFO Line: 180 Proximity after applying cut with 1.0 proportion: 0.0008633749771626886
2024-11-02 14:34:13,332 INFO Line: 180 Proximity after applying cut with 1.1500000000000001 proportion: 0.0008633749771626886
2024-11-02 14:34:13,362 INFO Line: 180 Proximity after applying cut with 1.3000000000000003 proportion: 0.0008633749771626886
2024-11-02 14:34:13,362 INFO Line: 296 Starting ROTATION analysis
2024-11-02 14:34:13,402 INFO Line: 155 Proximity after rotation by 1.0 degrees: 0.002214032949141942
2024-11-02 14:34:13,441 INFO Line: 155 Proximity after rotation by 9.9 degrees: 0.0018337680952496954
2024-11-02 14:34:13,480 INFO Line: 155 Proximity after rotation by 18.8 degrees: -0.002257200580189347
2024-11-02 14:34:13,519 INFO Line: 155 Proximity after rotation by 27.700000000000003 degrees: 0.0004978623210430149
2024-11-02 14:34:13,557 INFO Line: 155 Proximity after rotation by 36.6 degrees: 0.0050485074435098086
2024-11-02 14:34:13,596 INFO Line: 155 Proximity after rotation by 45.5 degrees: -0.004645973691710428
2024-11-02 14:34:13,635 INFO Line: 155 Proximity after rotation by 54.400000000000006 degrees: -0.0011566006176354858
2024-11-02 14:34:13,674 INFO Line: 155 Proximity after rotation by 63.300000000000004 degrees: -0.004093933204248184
2024-11-02 14:34:13,713 INFO Line: 155 Proximity after rotation by 72.2 degrees: -0.0025266733609910367
2024-11-02 14:34:13,752 INFO Line: 155 Proximity after rotation by 81.10000000000001 degrees: -0.0001092451140148328
2024-11-02 14:34:13,752 INFO Line: 306 Starting SMOOTH analysis
2024-11-02 14:34:13,800 INFO Line: 205 Proximity after smoothing with 3 window size: 0.0011514373002350269
2024-11-02 14:34:13,857 INFO Line: 205 Proximity after smoothing with 5 window size: 0.0010230450995877712
2024-11-02 14:34:13,926 INFO Line: 205 Proximity after smoothing with 7 window size: 0.0010031307005486014
2024-11-02 14:34:14,015 INFO Line: 205 Proximity after smoothing with 9 window size: 0.0010448270156161038
2024-11-02 14:34:14,129 INFO Line: 205 Proximity after smoothing with 11 window size: 0.001015949310449383
2024-11-02 14:34:14,272 INFO Line: 205 Proximity after smoothing with 13 window size: 0.0010092997931105908
2024-11-02 14:34:14,272 INFO Line: 316 Starting JPEG compression analysis
2024-11-02 14:34:14,317 INFO Line: 229 Proximity after compress with 30 quality factor: 0.002293596517422241
2024-11-02 14:34:14,359 INFO Line: 229 Proximity after compress with 40 quality factor: 0.0027813602997918976
2024-11-02 14:34:14,401 INFO Line: 229 Proximity after compress with 50 quality factor: 0.0011259386122264626
2024-11-02 14:34:14,443 INFO Line: 229 Proximity after compress with 60 quality factor: 0.0007217186164950738
2024-11-02 14:34:14,485 INFO Line: 229 Proximity after compress with 70 quality factor: 0.0014758904233259662
2024-11-02 14:34:14,527 INFO Line: 229 Proximity after compress with 80 quality factor: 0.00027322775707196666
2024-11-02 14:34:14,569 INFO Line: 229 Proximity after compress with 90 quality factor: 0.004262954826388148
2024-11-02 14:34:14,570 INFO Line: 326 Construction CUT process graph
2024-11-02 14:34:15,305 INFO Line: 335 Construction ROTATION process graph
2024-11-02 14:34:15,786 INFO Line: 344 Construction SMOOTH process graph
2024-11-02 14:34:16,220 INFO Line: 353 Construction JPEG process graph
