[2024-12-19 13:11:10] [INFO] => Программа запущена
[2024-12-19 13:11:10] [DEBUG] => Вызвана функция calculator
[2024-12-19 13:11:10] [INFO] => Основной программный модуль запущен
[2024-12-19 13:11:10] [DEBUG] => Вызван статический метод OperationsEnum.get_message_for_input
[2024-12-19 13:11:16] [DEBUG] => Вызван статический метод OperationsEnum.get_codes
[2024-12-19 13:11:16] [WARNING] => Пользователь ввел неизвестный код операции
[2024-12-19 13:11:20] [DEBUG] => Пользователь согласился калькулировать дальше)
[2024-12-19 13:11:20] [DEBUG] => Вызван статический метод OperationsEnum.get_message_for_input
[2024-12-19 13:11:22] [DEBUG] => Вызван статический метод OperationsEnum.get_codes
[2024-12-19 13:11:22] [WARNING] => Пользователь ввел неизвестный код операции
[2024-12-19 13:11:24] [DEBUG] => Пользователь согласился калькулировать дальше)
[2024-12-19 13:11:24] [DEBUG] => Вызван статический метод OperationsEnum.get_message_for_input
[2024-12-19 13:11:25] [DEBUG] => Вызван статический метод OperationsEnum.get_codes
[2024-12-19 13:11:25] [DEBUG] => Вызван статический метод OperationsEnum.get_item_by_code(1)
[2024-12-19 13:11:25] [INFO] => Пользователь выбрал выполнять операцию Сложение
[2024-12-19 13:11:28] [WARNING] => Пользователь вводит не число
[2024-12-19 13:11:28] [DEBUG] => Вызван статический метод OperationsEnum.get_message_for_input
[2024-12-19 13:11:30] [DEBUG] => Вызван статический метод OperationsEnum.get_codes
[2024-12-19 13:11:30] [DEBUG] => Вызван статический метод OperationsEnum.get_item_by_code(1)
[2024-12-19 13:11:30] [INFO] => Пользователь выбрал выполнять операцию Сложение
[2024-12-19 13:11:32] [DEBUG] => Пользователь ввел числа 2.0 и 1.0
[2024-12-19 13:11:32] [DEBUG] => Вызвана функция add(2.0, 1.0)
[2024-12-19 13:11:34] [DEBUG] => Пользователь согласился калькулировать дальше)
[2024-12-19 13:11:34] [DEBUG] => Вызван статический метод OperationsEnum.get_message_for_input
[2024-12-19 13:11:35] [DEBUG] => Вызван статический метод OperationsEnum.get_codes
[2024-12-19 13:11:35] [DEBUG] => Вызван статический метод OperationsEnum.get_item_by_code(3)
[2024-12-19 13:11:35] [INFO] => Пользователь выбрал выполнять операцию Умножение
[2024-12-19 13:11:40] [DEBUG] => Пользователь ввел числа 1.0 и 6.0
[2024-12-19 13:11:40] [DEBUG] => Вызвана функция multiply(1.0, 6.0)
[2024-12-19 13:11:42] [DEBUG] => Пользователь согласился калькулировать дальше)
[2024-12-19 13:11:42] [DEBUG] => Вызван статический метод OperationsEnum.get_message_for_input
[2024-12-19 13:11:43] [DEBUG] => Вызван статический метод OperationsEnum.get_codes
[2024-12-19 13:11:43] [DEBUG] => Вызван статический метод OperationsEnum.get_item_by_code(4)
[2024-12-19 13:11:43] [INFO] => Пользователь выбрал выполнять операцию Деление
[2024-12-19 13:11:49] [DEBUG] => Пользователь ввел числа 45.0 и 9.0
[2024-12-19 13:11:49] [DEBUG] => Вызвана функция multiply(45.0, 9.0)
[2024-12-19 13:11:51] [DEBUG] => Пользователь согласился калькулировать дальше)
[2024-12-19 13:11:51] [DEBUG] => Вызван статический метод OperationsEnum.get_message_for_input
[2024-12-19 13:11:54] [DEBUG] => Вызван статический метод OperationsEnum.get_codes
[2024-12-19 13:11:54] [DEBUG] => Вызван статический метод OperationsEnum.get_item_by_code(5)
[2024-12-19 13:11:54] [INFO] => Пользователь выбрал выполнять операцию Степень
[2024-12-19 13:11:56] [DEBUG] => Пользователь ввел числа 12.0 и 2.0
[2024-12-19 13:11:56] [DEBUG] => Вызвана функция power(12.0, 2.0)
[2024-12-19 13:12:03] [DEBUG] => Пользователь согласился калькулировать дальше)
[2024-12-19 13:12:03] [DEBUG] => Вызван статический метод OperationsEnum.get_message_for_input
[2024-12-19 13:12:04] [DEBUG] => Вызван статический метод OperationsEnum.get_codes
[2024-12-19 13:12:04] [DEBUG] => Вызван статический метод OperationsEnum.get_item_by_code(6)
[2024-12-19 13:12:04] [INFO] => Пользователь выбрал выполнять операцию Синус
[2024-12-19 13:12:06] [DEBUG] => Пользователь ввел число 30.0
[2024-12-19 13:12:06] [DEBUG] => Вызвана функция sin(30.0)
[2024-12-19 13:12:09] [DEBUG] => Пользователь согласился калькулировать дальше)
[2024-12-19 13:12:09] [DEBUG] => Вызван статический метод OperationsEnum.get_message_for_input
[2024-12-19 13:12:10] [DEBUG] => Вызван статический метод OperationsEnum.get_codes
[2024-12-19 13:12:10] [DEBUG] => Вызван статический метод OperationsEnum.get_item_by_code(7)
[2024-12-19 13:12:10] [INFO] => Пользователь выбрал выполнять операцию Косинус
[2024-12-19 13:12:13] [DEBUG] => Пользователь ввел число 30.0
[2024-12-19 13:12:13] [DEBUG] => Вызвана функция cos(30.0)
[2024-12-19 13:12:15] [DEBUG] => Пользователь согласился калькулировать дальше)
[2024-12-19 13:12:15] [DEBUG] => Вызван статический метод OperationsEnum.get_message_for_input
[2024-12-19 13:12:17] [DEBUG] => Вызван статический метод OperationsEnum.get_codes
[2024-12-19 13:12:17] [DEBUG] => Вызван статический метод OperationsEnum.get_item_by_code(8)
[2024-12-19 13:12:17] [INFO] => Пользователь выбрал выполнять операцию Тангенс
[2024-12-19 13:12:18] [DEBUG] => Пользователь ввел число 30.0
[2024-12-19 13:12:18] [DEBUG] => Вызвана функция tan(30.0)
[2024-12-19 13:12:20] [DEBUG] => Пользователь согласился калькулировать дальше)
[2024-12-19 13:12:20] [DEBUG] => Вызван статический метод OperationsEnum.get_message_for_input
[2024-12-19 13:12:22] [DEBUG] => Вызван статический метод OperationsEnum.get_codes
[2024-12-19 13:12:22] [DEBUG] => Вызван статический метод OperationsEnum.get_item_by_code(9)
[2024-12-19 13:12:22] [INFO] => Пользователь выбрал выполнять операцию Квадратный корень
[2024-12-19 13:12:23] [DEBUG] => Пользователь ввел число 30.0
[2024-12-19 13:12:23] [DEBUG] => Вызвана функция sqrt(30.0)
[2024-12-19 13:12:29] [DEBUG] => Пользователь отказался калькулировать(
[2024-12-19 13:12:29] [INFO] => Пользователь выполнил 11 попыток выполнить операцию
[2024-12-19 13:12:29] [INFO] => Попыток когда произошел валидный ввод: 8
[2024-12-19 13:12:29] [INFO] => Программа успешно завершена
